


ARM Macro Assembler    Page 1 


    1 00000000                 IMPORT           OSRunning
    2 00000000                 IMPORT           OSPrioCur
    3 00000000                 IMPORT           OSPrioHighRdy
    4 00000000                 IMPORT           OSTCBCur
    5 00000000                 IMPORT           OSTCBHighRdy
    6 00000000                 IMPORT           OSIntNesting
    7 00000000                 IMPORT           OSIntExit
    8 00000000                 IMPORT           OSTaskSwHook
    9 00000000         
   10 00000000                 EXPORT           OSStartHighRdy
   11 00000000                 EXPORT           OSCtxSw
   12 00000000                 EXPORT           OSIntCtxSw
   13 00000000                 EXPORT           OS_CPU_SR_Save
   14 00000000                 EXPORT           OS_CPU_SR_Restore
   15 00000000                 EXPORT           PendSV_Handler
   16 00000000         
   17 00000000 E000ED04 
                       NVIC_INT_CTRL
                               EQU              0xE000ED04  ; ‰∏≠Êñ≠ÊéßÂà∂ÂØÑÂ≠
                                                            òÂô®
   18 00000000 E000ED22 
                       NVIC_SYSPRI2
                               EQU              0xE000ED22  ; Á≥ªÁªü‰ºòÂÖàÁ∫ßÂØ
                                                            ÑÂ≠òÂô®(2)
   19 00000000 0000FFFF 
                       NVIC_PENDSV_PRI
                               EQU              0xFFFF      ; PendSV‰∏≠Êñ≠ÂíåÁ≥
                                                            ªÁªüËäÇÊãç‰∏≠Êñ≠
   20 00000000         ; (ÈÉΩ‰∏∫ÊúÄ‰ΩéÔºå0xff).
   21 00000000 10000000 
                       NVIC_PENDSVSET
                               EQU              0x10000000  ; Ëß¶ÂèëËΩØ‰ª∂‰∏≠Êñ
                                                            ≠ÁöÑÂÄº.
   22 00000000         
   23 00000000         
   24 00000000                 PRESERVE8
   25 00000000         
   26 00000000                 AREA             |.text|, CODE, READONLY
   27 00000000                 THUMB
   28 00000000         
   29 00000000         OS_CPU_SR_Save
   30 00000000 F3EF 8010       MRS              R0, PRIMASK ;ËØªÂèñPRIMASKÂà∞R0
                                                            ,R0‰∏∫ËøîÂõûÂÄº 
   31 00000004 B672            CPSID            I           ;PRIMASK=1,ÂÖ≥‰∏≠Êñ
                                                            ≠(NMIÂíåÁ°¨‰ª∂FAULT
                                                            ÂèØ‰ª•ÂìçÂ∫î)
   32 00000006 4770            BX               LR          ;ËøîÂõû
   33 00000008         
   34 00000008         OS_CPU_SR_Restore
   35 00000008 F380 8810       MSR              PRIMASK, R0 ;ËØªÂèñR0Âà∞PRIMASK
                                                            ‰∏≠,R0‰∏∫ÂèÇÊï∞
   36 0000000C 4770            BX               LR          ;ËøîÂõû  
   37 0000000E         
   38 0000000E         OSStartHighRdy
   39 0000000E 4C26            LDR              R4, =NVIC_SYSPRI2 ; ËÆæÁΩÆpends
                                                            v‰∏≠Êñ≠‰ºòÂÖàÁ∫ß
   40 00000010 F64F 75FF       LDR              R5, =NVIC_PENDSV_PRI
   41 00000014 6025            STR              R5, [R4]
   42 00000016         



ARM Macro Assembler    Page 2 


   43 00000016 F04F 0400       MOV              R4, #0      ; Â∞ÜPSPÁΩÆ0Ë°®Á§∫Ê
                                                            òØÁ¨¨‰∏ÄÊ¨°Ëß¶ÂèëË∞
                                                            ÉÂ∫¶
   44 0000001A F384 8809       MSR              PSP, R4
   45 0000001E         
   46 0000001E 4C23            LDR              R4, =OSRunning 
                                                            ; OSRunning = TRUE
   47 00000020 F04F 0501       MOV              R5, #1
   48 00000024 7025            STRB             R5, [R4]
   49 00000026         
   50 00000026         ;ÂàáÊç¢Âà∞ÊúÄÈ´ò‰ºòÂÖàÁ∫ßÁöÑ‰ªªÂä°
   51 00000026 4C22            LDR              R4, =NVIC_INT_CTRL ;Ë∞ÉÁî®pends
                                                            v‰∏≠Êñ≠ÔºåËøõË°å‰∏ä
                                                            ‰∏ãÊñáÂàáÊç¢
   52 00000028 F04F 5580       LDR              R5, =NVIC_PENDSVSET
   53 0000002C 6025            STR              R5, [R4]
   54 0000002E         
   55 0000002E B662            CPSIE            I           ;‰ΩøËÉΩ‰∏≠Êñ≠Ôºå‰∏Ä
                                                            Ëà¨‰∏ç‰ºöËøêË°åÂà∞Ë
                                                            øôÈáåÔºåËøêË°åÂà∞Ëø
                                                            ôÈáå‰∫ÜÂ∞±ÊòØÂá∫Èîô
                                                            ‰∫Ü
   56 00000030         OSStartHang
   57 00000030 E7FE            B                OSStartHang ;Êó†Á∫øÂæ™ÁéØÔºåÈò≤
                                                            Ê≠¢ÂáΩÊï∞Âá∫ÈîôÊó∂Â
                                                            á∫ÈóÆÈ¢ò
   58 00000032         
   59 00000032         OSCtxSw
   60 00000032 B430            PUSH             {R4, R5}
   61 00000034 4C1E            LDR              R4, =NVIC_INT_CTRL ;Ëß¶ÂèëPendS
                                                            VÂºÇÂ∏∏ (causes con
                                                            text switch)
   62 00000036 F04F 5580       LDR              R5, =NVIC_PENDSVSET
   63 0000003A 6025            STR              R5, [R4]
   64 0000003C BC30            POP              {R4, R5}
   65 0000003E 4770            BX               LR
   66 00000040         
   67 00000040         OSIntCtxSw
   68 00000040 B430            PUSH             {R4, R5}
   69 00000042 4C1B            LDR              R4, =NVIC_INT_CTRL ;Ëß¶ÂèëPendS
                                                            VÂºÇÂ∏∏ (causes con
                                                            text switch)
   70 00000044 F04F 5580       LDR              R5, =NVIC_PENDSVSET
   71 00000048 6025            STR              R5, [R4]
   72 0000004A BC30            POP              {R4, R5}
   73 0000004C 4770            BX               LR
   74 0000004E BF00            NOP
   75 00000050         
   76 00000050         PendSV_Handler
   77 00000050 B672            CPSID            I           ; Èò≤Ê≠¢‰∏ä‰∏ãÊñáÂà
                                                            áÊç¢Ë¢´ÊâìÊñ≠
   78 00000052 F3EF 8009       MRS              R0, PSP     ; ÊåáÁ§∫Á¨¨‰∏ÄÊ¨°Ë∞
                                                            ÉÂ∫¶
   79 00000056 B150            CBZ              R0, PendSV_Handler_nosave ; Á¨¨
                                                            ‰∏ÄÊ¨°Ë∞ÉÂ∫¶Ê≤°Êúâ‰
                                                            ∏äÊñá
   80 00000058         
   81 00000058         ;Ê£ÄÊü•FPUÁöÑ‰ΩøÁî®
   82 00000058 F01E 0F10       TST              R14, #0x10



ARM Macro Assembler    Page 3 


   83 0000005C BF08            IT               EQ
   84 0000005E ED20 8A10       VSTMDBEQ         R0!, {S16-S31}
   85 00000062         
   86 00000062 3820            SUBS             R0, R0, #0x20 ; ‰øùÂ≠òr4-r11
   87 00000064 E880 0FF0       STM              R0, {R4-R11}
   88 00000068         
   89 00000068 4912            LDR              R1, =OSTCBCur ; OSTCBCur->OSTCB
                                                            StkPtr = SP;
   90 0000006A 6809            LDR              R1, [R1]
   91 0000006C 6008            STR              R0, [R1]    ; R0ÊòØ‰∏äÊñáÁöÑÂ†Ü
                                                            Ê†àÊåáÈíà
   92 0000006E         
   93 0000006E         ; ‰øùÂ≠ò‰∏äÊñáÂÆåÊàê
   94 0000006E         PendSV_Handler_nosave
   95 0000006E B500            PUSH             {R14}       ; ‰øùÂ≠òpcÔºåËøôÈáå
                                                            ÂéãlrÂÖ•Ê†à
   96 00000070 4811            LDR              R0, =OSTaskSwHook 
                                                            ; OSTaskSwHook();
   97 00000072 4780            BLX              R0
   98 00000074 F85D EB04       POP              {R14}
   99 00000078         
  100 00000078 4810            LDR              R0, =OSPrioCur ; OSPrioCur = OS
                                                            PrioHighRdy;
  101 0000007A 4911            LDR              R1, =OSPrioHighRdy
  102 0000007C 780A            LDRB             R2, [R1]
  103 0000007E 7002            STRB             R2, [R0]
  104 00000080         
  105 00000080 480C            LDR              R0, =OSTCBCur ; OSTCBCur  = OST
                                                            CBHighRdy;
  106 00000082 4910            LDR              R1, =OSTCBHighRdy
  107 00000084 680A            LDR              R2, [R1]
  108 00000086 6002            STR              R2, [R0]
  109 00000088         
  110 00000088 6810            LDR              R0, [R2]    ; r0ÊòØ‰∏ãÊñáÁöÑÂ†Ü
                                                            Ê†àÊåáÈíà SP = OSTC
                                                            BHighRdy->OSTCBStkP
                                                            tr;
  111 0000008A E890 0FF0       LDM              R0, {R4-R11} ; Ëé∑Âèñ‰∏ãÊñáÁöÑÂ
                                                            ØÑÂ≠òÂô®r4-r11
  112 0000008E 3020            ADDS             R0, R0, #0x20
  113 00000090         
  114 00000090         ;Ê£ÄÊü•FPUÁöÑ‰ΩøÁî®
  115 00000090 F01E 0F10       TST              R14, #0x10
  116 00000094 BF08            IT               EQ
  117 00000096 ECB0 8A10       VLDMIAEQ         R0!, {S16-S31}
  118 0000009A         
  119 0000009A F380 8809       MSR              PSP, R0     ; Â∞Ü‰∏ãÊñáÁöÑÂ†ÜÊ†
                                                            àÊåáÈíàÁªôpsp
  120 0000009E F04E 0E04       ORR              LR, LR, #0x04 ; ‰øùËØÅË∑≥ËΩ¨Âêé
                                                            ‰ΩøÁî®Á∫øÁ®ãÊ†à
  121 000000A2 B662            CPSIE            I
  122 000000A4 4770            BX               LR          ; Ëá™Âä®Âá∫Ê†àÂÖ∂‰ª
                                                            ñÁöÑÂØÑÂ≠òÂô®
  123 000000A6 BF00            nop
  124 000000A8                 end
              E000ED22 
              00000000 
              E000ED04 
              00000000 



ARM Macro Assembler    Page 4 


              00000000 
              00000000 
              00000000 
              00000000 
Command Line: --debug --xref --diag_suppress=9931 --cpu=Cortex-M4.fp --apcs=int
erwork --depend=.\objects\os_cpu_a.d -o.\objects\os_cpu_a.o -I.\RTE\_fs -ID:\ke
il_\keil_main\ARM\PACK\Keil\STM32F4xx_DFP\2.13.0\Drivers\CMSIS\Device\ST\STM32F
4xx\Include -ID:\keil_\keil_main\ARM\CMSIS\Include --predefine="__UVISION_VERSI
ON SETA 526" --predefine="STM32F401xE SETA 1" --list=.\listings\os_cpu_a.lst ..
\UCOS_PORT\os_cpu_a.s



ARM Macro Assembler    Page 1 Alphabetic symbol ordering
Relocatable symbols

.text 00000000

Symbol: .text
   Definitions
      At line 26 in file ..\UCOS_PORT\os_cpu_a.s
   Uses
      None
Comment: .text unused
OSCtxSw 00000032

Symbol: OSCtxSw
   Definitions
      At line 59 in file ..\UCOS_PORT\os_cpu_a.s
   Uses
      At line 11 in file ..\UCOS_PORT\os_cpu_a.s
Comment: OSCtxSw used once
OSIntCtxSw 00000040

Symbol: OSIntCtxSw
   Definitions
      At line 67 in file ..\UCOS_PORT\os_cpu_a.s
   Uses
      At line 12 in file ..\UCOS_PORT\os_cpu_a.s
Comment: OSIntCtxSw used once
OSStartHang 00000030

Symbol: OSStartHang
   Definitions
      At line 56 in file ..\UCOS_PORT\os_cpu_a.s
   Uses
      At line 57 in file ..\UCOS_PORT\os_cpu_a.s
Comment: OSStartHang used once
OSStartHighRdy 0000000E

Symbol: OSStartHighRdy
   Definitions
      At line 38 in file ..\UCOS_PORT\os_cpu_a.s
   Uses
      At line 10 in file ..\UCOS_PORT\os_cpu_a.s
Comment: OSStartHighRdy used once
OS_CPU_SR_Restore 00000008

Symbol: OS_CPU_SR_Restore
   Definitions
      At line 34 in file ..\UCOS_PORT\os_cpu_a.s
   Uses
      At line 14 in file ..\UCOS_PORT\os_cpu_a.s
Comment: OS_CPU_SR_Restore used once
OS_CPU_SR_Save 00000000

Symbol: OS_CPU_SR_Save
   Definitions
      At line 29 in file ..\UCOS_PORT\os_cpu_a.s
   Uses
      At line 13 in file ..\UCOS_PORT\os_cpu_a.s
Comment: OS_CPU_SR_Save used once
PendSV_Handler 00000050

Symbol: PendSV_Handler



ARM Macro Assembler    Page 2 Alphabetic symbol ordering
Relocatable symbols

   Definitions
      At line 76 in file ..\UCOS_PORT\os_cpu_a.s
   Uses
      At line 15 in file ..\UCOS_PORT\os_cpu_a.s
Comment: PendSV_Handler used once
PendSV_Handler_nosave 0000006E

Symbol: PendSV_Handler_nosave
   Definitions
      At line 94 in file ..\UCOS_PORT\os_cpu_a.s
   Uses
      At line 79 in file ..\UCOS_PORT\os_cpu_a.s
Comment: PendSV_Handler_nosave used once
9 symbols



ARM Macro Assembler    Page 1 Alphabetic symbol ordering
Absolute symbols

NVIC_INT_CTRL E000ED04

Symbol: NVIC_INT_CTRL
   Definitions
      At line 17 in file ..\UCOS_PORT\os_cpu_a.s
   Uses
      At line 51 in file ..\UCOS_PORT\os_cpu_a.s
      At line 61 in file ..\UCOS_PORT\os_cpu_a.s
      At line 69 in file ..\UCOS_PORT\os_cpu_a.s

NVIC_PENDSVSET 10000000

Symbol: NVIC_PENDSVSET
   Definitions
      At line 21 in file ..\UCOS_PORT\os_cpu_a.s
   Uses
      At line 52 in file ..\UCOS_PORT\os_cpu_a.s
      At line 62 in file ..\UCOS_PORT\os_cpu_a.s
      At line 70 in file ..\UCOS_PORT\os_cpu_a.s

NVIC_PENDSV_PRI 0000FFFF

Symbol: NVIC_PENDSV_PRI
   Definitions
      At line 19 in file ..\UCOS_PORT\os_cpu_a.s
   Uses
      At line 40 in file ..\UCOS_PORT\os_cpu_a.s
Comment: NVIC_PENDSV_PRI used once
NVIC_SYSPRI2 E000ED22

Symbol: NVIC_SYSPRI2
   Definitions
      At line 18 in file ..\UCOS_PORT\os_cpu_a.s
   Uses
      At line 39 in file ..\UCOS_PORT\os_cpu_a.s
Comment: NVIC_SYSPRI2 used once
4 symbols



ARM Macro Assembler    Page 1 Alphabetic symbol ordering
External symbols

OSIntExit 00000000

Symbol: OSIntExit
   Definitions
      At line 7 in file ..\UCOS_PORT\os_cpu_a.s
   Uses
      None
Comment: OSIntExit unused
OSIntNesting 00000000

Symbol: OSIntNesting
   Definitions
      At line 6 in file ..\UCOS_PORT\os_cpu_a.s
   Uses
      None
Comment: OSIntNesting unused
OSPrioCur 00000000

Symbol: OSPrioCur
   Definitions
      At line 2 in file ..\UCOS_PORT\os_cpu_a.s
   Uses
      At line 100 in file ..\UCOS_PORT\os_cpu_a.s
Comment: OSPrioCur used once
OSPrioHighRdy 00000000

Symbol: OSPrioHighRdy
   Definitions
      At line 3 in file ..\UCOS_PORT\os_cpu_a.s
   Uses
      At line 101 in file ..\UCOS_PORT\os_cpu_a.s
Comment: OSPrioHighRdy used once
OSRunning 00000000

Symbol: OSRunning
   Definitions
      At line 1 in file ..\UCOS_PORT\os_cpu_a.s
   Uses
      At line 46 in file ..\UCOS_PORT\os_cpu_a.s
Comment: OSRunning used once
OSTCBCur 00000000

Symbol: OSTCBCur
   Definitions
      At line 4 in file ..\UCOS_PORT\os_cpu_a.s
   Uses
      At line 89 in file ..\UCOS_PORT\os_cpu_a.s
      At line 105 in file ..\UCOS_PORT\os_cpu_a.s

OSTCBHighRdy 00000000

Symbol: OSTCBHighRdy
   Definitions
      At line 5 in file ..\UCOS_PORT\os_cpu_a.s
   Uses
      At line 106 in file ..\UCOS_PORT\os_cpu_a.s
Comment: OSTCBHighRdy used once
OSTaskSwHook 00000000




ARM Macro Assembler    Page 2 Alphabetic symbol ordering
External symbols

Symbol: OSTaskSwHook
   Definitions
      At line 8 in file ..\UCOS_PORT\os_cpu_a.s
   Uses
      At line 96 in file ..\UCOS_PORT\os_cpu_a.s
Comment: OSTaskSwHook used once
8 symbols
356 symbols in table
